
This GDB supports auto-downloading debuginfo from the following URLs:
  <https://debuginfod.ubuntu.com>
Enable debuginfod for this session? (y or [n]) [answered N; input not from terminal]
Debuginfod has been disabled.
To make this setting permanent, add 'set debuginfod enabled off' to .gdbinit.
[Thread debugging using libthread_db enabled]
Using host libthread_db library "/lib/x86_64-linux-gnu/libthread_db.so.1".
[==========] Running 12 tests from 1 test suite.
[----------] Global test environment set-up.
[----------] 12 tests from ORAMTestSQL
[ RUN      ] ORAMTestSQL.PutContainerServerORAM5
Size of all shares: 60175
Called in initialize with key size: 32
CAPACITY: 32, Z: 3, map size: 99
Storage has been initialized
Total requests: 71
Total capacity: 71
Total block size: 422464
Generating key...
Total requests: 71
Total capacity: 71
Total block size: 422464
PM population with data: 0 milliseconds
Populating storage with 32 buckets...
Computing and storing MACs for all buckets...
Number of buckets: 32
Height of the ORAM: 5
Size of secret shares: 60175
Writing to block ID: 0
Putting data for block: 0, Data size: 128008
Accessing and remapping block: 0
Writing to block ID: 1
Putting data for block: 1, Data size: 128008
Accessing and remapping block: 1
Writing to block ID: 2
Putting data for block: 2, Data size: 128008
Accessing and remapping block: 2
Writing to block ID: 3
Putting data for block: 3, Data size: 128008
Accessing and remapping block: 3
Writing to block ID: 4
Putting data for block: 4, Data size: 128008
Accessing and remapping block: 4
Writing to block ID: 5
Putting data for block: 5, Data size: 128008
Accessing and remapping block: 5
Writing to block ID: 6
Putting data for block: 6, Data size: 128008
Accessing and remapping block: 6
Writing to block ID: 7
Putting data for block: 7, Data size: 128008
Accessing and remapping block: 7
Writing to block ID: 8
Putting data for block: 8, Data size: 128008
Accessing and remapping block: 8
Writing to block ID: 9
Putting data for block: 9, Data size: 128008
Accessing and remapping block: 9
Writing to block ID: 10
Putting data for block: 10, Data size: 128008
Accessing and remapping block: 10
Writing to block ID: 11
Putting data for block: 11, Data size: 128008
Accessing and remapping block: 11
Writing to block ID: 12
Putting data for block: 12, Data size: 128008
Accessing and remapping block: 12
Writing to block ID: 13
Putting data for block: 13, Data size: 128008
Accessing and remapping block: 13
Writing to block ID: 14
Putting data for block: 14, Data size: 128008
Accessing and remapping block: 14
Writing to block ID: 15
Putting data for block: 15, Data size: 128008
Accessing and remapping block: 15
Writing to block ID: 16
Putting data for block: 16, Data size: 128008
Accessing and remapping block: 16
Writing to block ID: 17
Putting data for block: 17, Data size: 128008
Accessing and remapping block: 17
Writing to block ID: 18
Putting data for block: 18, Data size: 128008
Accessing and remapping block: 18
Writing to block ID: 19
Putting data for block: 19, Data size: 128008
Accessing and remapping block: 19
Writing to block ID: 20
Putting data for block: 20, Data size: 128008
Accessing and remapping block: 20
Writing to block ID: 21
Putting data for block: 21, Data size: 128008
Accessing and remapping block: 21
Writing to block ID: 22
Putting data for block: 22, Data size: 128008
Accessing and remapping block: 22
Writing to block ID: 23
Putting data for block: 23, Data size: 128008
Accessing and remapping block: 23
Writing to block ID: 24
Putting data for block: 24, Data size: 128008
Accessing and remapping block: 24
Writing to block ID: 25
Putting data for block: 25, Data size: 128008
Accessing and remapping block: 25
Writing to block ID: 26
Putting data for block: 26, Data size: 128008
Accessing and remapping block: 26
Writing to block ID: 27
Putting data for block: 27, Data size: 128008
Accessing and remapping block: 27
Writing to block ID: 28
Putting data for block: 28, Data size: 128008
Accessing and remapping block: 28
Writing to block ID: 29
Putting data for block: 29, Data size: 128008
Accessing and remapping block: 29
Writing to block ID: 30
Putting data for block: 30, Data size: 128008
Accessing and remapping block: 30
Writing to block ID: 31
Putting data for block: 31, Data size: 128008
Accessing and remapping block: 31
Writing to block ID: 32
Putting data for block: 32, Data size: 128008
Accessing and remapping block: 32
Writing to block ID: 33
Putting data for block: 33, Data size: 128008
Accessing and remapping block: 33
Writing to block ID: 34
Putting data for block: 34, Data size: 128008
Accessing and remapping block: 34
Writing to block ID: 35
Putting data for block: 35, Data size: 128008
Accessing and remapping block: 35
Writing to block ID: 36
Putting data for block: 36, Data size: 128008
Accessing and remapping block: 36
Writing to block ID: 37
Putting data for block: 37, Data size: 128008
Accessing and remapping block: 37
Writing to block ID: 38
Putting data for block: 38, Data size: 128008
Accessing and remapping block: 38
Writing to block ID: 39
Putting data for block: 39, Data size: 128008
Accessing and remapping block: 39
Writing to block ID: 40
Putting data for block: 40, Data size: 128008
Accessing and remapping block: 40
Writing to block ID: 41
Putting data for block: 41, Data size: 128008
Accessing and remapping block: 41
Writing to block ID: 42
Putting data for block: 42, Data size: 128008
Accessing and remapping block: 42
Writing to block ID: 43
Putting data for block: 43, Data size: 128008
Accessing and remapping block: 43
Writing to block ID: 44
Putting data for block: 44, Data size: 128008
Accessing and remapping block: 44
Writing to block ID: 45
Putting data for block: 45, Data size: 128008
Accessing and remapping block: 45
Writing to block ID: 46
Putting data for block: 46, Data size: 128008
Accessing and remapping block: 46
Writing to block ID: 47
Putting data for block: 47, Data size: 128008
Accessing and remapping block: 47
Writing to block ID: 48
Putting data for block: 48, Data size: 128008
Accessing and remapping block: 48
Writing to block ID: 49
Putting data for block: 49, Data size: 128008
Accessing and remapping block: 49
Writing to block ID: 50
Putting data for block: 50, Data size: 128008
Accessing and remapping block: 50
Writing to block ID: 51
Putting data for block: 51, Data size: 128008
Accessing and remapping block: 51
Writing to block ID: 52
Putting data for block: 52, Data size: 128008
Accessing and remapping block: 52
Writing to block ID: 53
Putting data for block: 53, Data size: 128008
Accessing and remapping block: 53
Writing to block ID: 54
Putting data for block: 54, Data size: 128008
Accessing and remapping block: 54
Writing to block ID: 55
Putting data for block: 55, Data size: 128008
Accessing and remapping block: 55
Writing to block ID: 56
Putting data for block: 56, Data size: 128008
Accessing and remapping block: 56
Writing to block ID: 57
Putting data for block: 57, Data size: 128008
Accessing and remapping block: 57
Writing to block ID: 58
Putting data for block: 58, Data size: 128008
Accessing and remapping block: 58
Writing to block ID: 59
Putting data for block: 59, Data size: 128008
Accessing and remapping block: 59
Writing to block ID: 60
Putting data for block: 60, Data size: 22408
Accessing and remapping block: 60
Time to populate ORAM for server 5: 7119 ms
Total number of blocks stored in the ORAM: 61
[       OK ] ORAMTestSQL.PutContainerServerORAM5 (7123 ms)
[ RUN      ] ORAMTestSQL.GetContainerSingleORAM5
Storage has been initialized
Position map initialized from file: ../backup_ser5/position-map_server_4.bin
[Stash load] Block ID: 38
[Stash load] Block ID: 56
[Stash load] Block ID: 78
[Stash load] Block ID: 45
[Stash load] Block ID: 10
[Stash load] Block ID: 48
[Stash load] Block ID: 59
Loaded stash with block size: 140800
Total number of blocks stored in the ORAM: 61
Total number of blocks stored in the ORAM: while getting: 61
Used block ID: 0
Used block ID: 1
Used block ID: 2
Used block ID: 3
Used block ID: 4
Used block ID: 5
Used block ID: 6
Used block ID: 7
Used block ID: 8
Used block ID: 9
Used block ID: 10
Used block ID: 11
Used block ID: 12
Used block ID: 13
Used block ID: 14
Used block ID: 15
Used block ID: 16
Used block ID: 17
Used block ID: 18
Used block ID: 19
Used block ID: 20
Used block ID: 21
Used block ID: 22
Used block ID: 23
Used block ID: 24
Used block ID: 25
Used block ID: 26
Used block ID: 27
Used block ID: 28
Used block ID: 29
Used block ID: 30
Used block ID: 31
Used block ID: 32
Used block ID: 33
Used block ID: 34
Used block ID: 35
Used block ID: 36
Used block ID: 37
Used block ID: 38
Used block ID: 39
Used block ID: 40
Used block ID: 41
Used block ID: 42
Used block ID: 43
Used block ID: 44
Used block ID: 45
Used block ID: 46
Used block ID: 47
Used block ID: 48
Used block ID: 49
Used block ID: 50
Used block ID: 51
Used block ID: 52
Used block ID: 53
Used block ID: 54
Used block ID: 55
Used block ID: 56
Used block ID: 57
Used block ID: 58
Used block ID: 59
Used block ID: 60
Reading block ID: 0
Getting data for blockID: 0
Accessing and remapping block: 0
Total number of tuples: 1000
Reading block ID: 1
Getting data for blockID: 1
Accessing and remapping block: 1
Total number of tuples: 1000
Reading block ID: 2
Getting data for blockID: 2
Accessing and remapping block: 2
Total number of tuples: 1000
Reading block ID: 3
Getting data for blockID: 3
Accessing and remapping block: 3
Total number of tuples: 1000
Reading block ID: 4
Getting data for blockID: 4
Accessing and remapping block: 4
Total number of tuples: 1000
Reading block ID: 5
Getting data for blockID: 5
Accessing and remapping block: 5
Total number of tuples: 1000
Reading block ID: 6
Getting data for blockID: 6
Accessing and remapping block: 6
Total number of tuples: 1000
Reading block ID: 7
Getting data for blockID: 7
Accessing and remapping block: 7
Total number of tuples: 1000
Reading block ID: 8
Getting data for blockID: 8
Accessing and remapping block: 8
Total number of tuples: 1000
Reading block ID: 9
Getting data for blockID: 9
Accessing and remapping block: 9
Total number of tuples: 1000
Reading block ID: 10
Getting data for blockID: 10
Accessing and remapping block: 10
Total number of tuples: 1000
Reading block ID: 11
Getting data for blockID: 11
Accessing and remapping block: 11
Total number of tuples: 1000
Reading block ID: 12
Getting data for blockID: 12
Accessing and remapping block: 12
Total number of tuples: 1000
Reading block ID: 13
Getting data for blockID: 13
Accessing and remapping block: 13
Total number of tuples: 1000
Reading block ID: 14
Getting data for blockID: 14
Accessing and remapping block: 14
Total number of tuples: 1000
Reading block ID: 15
Getting data for blockID: 15
Accessing and remapping block: 15
Total number of tuples: 1000
Reading block ID: 16
Getting data for blockID: 16
Accessing and remapping block: 16
Total number of tuples: 1000
Reading block ID: 17
Getting data for blockID: 17
Accessing and remapping block: 17
Total number of tuples: 1000
Reading block ID: 18
Getting data for blockID: 18
Accessing and remapping block: 18
Total number of tuples: 1000
Reading block ID: 19
Getting data for blockID: 19
Accessing and remapping block: 19
Total number of tuples: 1000
Reading block ID: 20
Getting data for blockID: 20
Accessing and remapping block: 20
Total number of tuples: 1000
Reading block ID: 21
Getting data for blockID: 21
Accessing and remapping block: 21
Total number of tuples: 1000
Reading block ID: 22
Getting data for blockID: 22
Accessing and remapping block: 22
Total number of tuples: 1000
Reading block ID: 23
Getting data for blockID: 23
Accessing and remapping block: 23
Total number of tuples: 1000
Reading block ID: 24
Getting data for blockID: 24
Accessing and remapping block: 24
Total number of tuples: 1000
Reading block ID: 25
Getting data for blockID: 25
Accessing and remapping block: 25
Total number of tuples: 1000
Reading block ID: 26
Getting data for blockID: 26
Accessing and remapping block: 26
Total number of tuples: 1000
Reading block ID: 27
Getting data for blockID: 27
Accessing and remapping block: 27
Total number of tuples: 1000
Reading block ID: 28
Getting data for blockID: 28
Accessing and remapping block: 28
Total number of tuples: 1000
Reading block ID: 29
Getting data for blockID: 29
Accessing and remapping block: 29
Total number of tuples: 1000
Reading block ID: 30
Getting data for blockID: 30
Accessing and remapping block: 30
Total number of tuples: 1000
Reading block ID: 31
Getting data for blockID: 31
Accessing and remapping block: 31
Total number of tuples: 1000
Reading block ID: 32
Getting data for blockID: 32
Accessing and remapping block: 32
Total number of tuples: 1000
Reading block ID: 33
Getting data for blockID: 33
Accessing and remapping block: 33
Total number of tuples: 1000
Reading block ID: 34
Getting data for blockID: 34
Accessing and remapping block: 34
Total number of tuples: 1000
Reading block ID: 35
Getting data for blockID: 35
Accessing and remapping block: 35
Total number of tuples: 1000
Reading block ID: 36
Getting data for blockID: 36
Accessing and remapping block: 36
Total number of tuples: 1000
Reading block ID: 37
Getting data for blockID: 37
Accessing and remapping block: 37
Total number of tuples: 1000
Reading block ID: 38
Getting data for blockID: 38
Accessing and remapping block: 38
Total number of tuples: 1000
Reading block ID: 39
Getting data for blockID: 39
Accessing and remapping block: 39
Total number of tuples: 1000
Reading block ID: 40
Getting data for blockID: 40
Accessing and remapping block: 40
Total number of tuples: 1000
Reading block ID: 41
Getting data for blockID: 41
Accessing and remapping block: 41
Total number of tuples: 1000
Reading block ID: 42
Getting data for blockID: 42
Accessing and remapping block: 42
Total number of tuples: 1000
Reading block ID: 43
Getting data for blockID: 43
Accessing and remapping block: 43
Total number of tuples: 1000
Reading block ID: 44
Getting data for blockID: 44
Accessing and remapping block: 44
Total number of tuples: 1000
Reading block ID: 45
Getting data for blockID: 45
Accessing and remapping block: 45
Total number of tuples: 1000
Reading block ID: 46
Getting data for blockID: 46
Accessing and remapping block: 46
Total number of tuples: 1000
Reading block ID: 47
Getting data for blockID: 47
Accessing and remapping block: 47
Total number of tuples: 1000
Reading block ID: 48
Getting data for blockID: 48
Accessing and remapping block: 48
Total number of tuples: 1000
Reading block ID: 49
Getting data for blockID: 49
Accessing and remapping block: 49
Total number of tuples: 1000
Reading block ID: 50
Getting data for blockID: 50
Accessing and remapping block: 50
Total number of tuples: 1000
Reading block ID: 51
Getting data for blockID: 51
Accessing and remapping block: 51
Total number of tuples: 1000
Reading block ID: 52
Getting data for blockID: 52
Accessing and remapping block: 52
Total number of tuples: 1000
Reading block ID: 53
Getting data for blockID: 53
Accessing and remapping block: 53
Total number of tuples: 1000
Reading block ID: 54
Getting data for blockID: 54
Accessing and remapping block: 54
Total number of tuples: 1000
Reading block ID: 55
Getting data for blockID: 55
Accessing and remapping block: 55
Total number of tuples: 1000
Reading block ID: 56
Getting data for blockID: 56
Accessing and remapping block: 56
Total number of tuples: 1000
Reading block ID: 57
Getting data for blockID: 57
Accessing and remapping block: 57
Total number of tuples: 1000
Reading block ID: 58
Getting data for blockID: 58
Accessing and remapping block: 58
Total number of tuples: 1000
Reading block ID: 59
Getting data for blockID: 59
Accessing and remapping block: 59
Total number of tuples: 1000
Reading block ID: 60
Getting data for blockID: 60
Accessing and remapping block: 60
Total number of tuples: 175
Total number of blocks stored in the ORAM: while getting: 61
Size of all shares: 60175
Retrieved all secret shares successfully.
[       OK ] ORAMTestSQL.GetContainerSingleORAM5 (5114 ms)
[ RUN      ] ORAMTestSQL.SQLCountORQuery
Storage has been initialized
Position map initialized from file: ../backup_ser5/position-map_server_4.bin
[Stash load] Block ID: 38
[Stash load] Block ID: 56
[Stash load] Block ID: 78
[Stash load] Block ID: 45
[Stash load] Block ID: 10
[Stash load] Block ID: 48
[Stash load] Block ID: 59
Loaded stash with block size: 140800
Getting data for blockID: 0
Accessing and remapping block: 0
Block data is empty.
Getting data for blockID: 1
Accessing and remapping block: 1
Block data is empty.
Getting data for blockID: 2
Accessing and remapping block: 2
Block data is empty.
Getting data for blockID: 3
Accessing and remapping block: 3
Block data is empty.
Getting data for blockID: 4
Accessing and remapping block: 4
Block data is empty.
Getting data for blockID: 5
Accessing and remapping block: 5
Block data is empty.
Getting data for blockID: 6
Accessing and remapping block: 6
Total number of tuples: 1000
Getting data for blockID: 7
Accessing and remapping block: 7
Block data is empty.
Getting data for blockID: 8
Accessing and remapping block: 8
Total number of tuples: 1000
Getting data for blockID: 9
Accessing and remapping block: 9
Total number of tuples: 1000
Getting data for blockID: 10
Accessing and remapping block: 10
Total number of tuples: 1000
Getting data for blockID: 11
Accessing and remapping block: 11
Block data is empty.
Getting data for blockID: 12
Accessing and remapping block: 12
Total number of tuples: 1000
Getting data for blockID: 13
Accessing and remapping block: 13
Total number of tuples: 1000
Getting data for blockID: 14
Accessing and remapping block: 14
Block data is empty.
Getting data for blockID: 15
Accessing and remapping block: 15
Total number of tuples: 1000
Getting data for blockID: 16
Accessing and remapping block: 16
Total number of tuples: 1000
Getting data for blockID: 17
Accessing and remapping block: 17
Block data is empty.
Getting data for blockID: 18
Accessing and remapping block: 18
Total number of tuples: 1000
Getting data for blockID: 19
Accessing and remapping block: 19
Block data is empty.
Getting data for blockID: 20
Accessing and remapping block: 20
Block data is empty.
Getting data for blockID: 21
Accessing and remapping block: 21
Total number of tuples: 1000
Getting data for blockID: 22
Accessing and remapping block: 22
Total number of tuples: 1000
Getting data for blockID: 23
Accessing and remapping block: 23
Total number of tuples: 1000
Getting data for blockID: 24
Accessing and remapping block: 24
Total number of tuples: 1000
Getting data for blockID: 25
Accessing and remapping block: 25
Total number of tuples: 1000
Getting data for blockID: 26
Accessing and remapping block: 26
Total number of tuples: 1000
Getting data for blockID: 27
Accessing and remapping block: 27
Total number of tuples: 1000
Getting data for blockID: 28
Accessing and remapping block: 28
Total number of tuples: 1000
Getting data for blockID: 29
Accessing and remapping block: 29
Total number of tuples: 1000
Getting data for blockID: 30
Accessing and remapping block: 30
Total number of tuples: 1000
Getting data for blockID: 31
Accessing and remapping block: 31
Total number of tuples: 1000
Getting data for blockID: 32
Accessing and remapping block: 32
Block data is empty.
Getting data for blockID: 33
Accessing and remapping block: 33
Block data is empty.
Getting data for blockID: 34
Accessing and remapping block: 34
Total number of tuples: 1000
Getting data for blockID: 35
Accessing and remapping block: 35
Block data is empty.
Getting data for blockID: 36
Accessing and remapping block: 36
Block data is empty.
Getting data for blockID: 37
Accessing and remapping block: 37
Total number of tuples: 1000
Getting data for blockID: 38
Accessing and remapping block: 38
Total number of tuples: 1000
Getting data for blockID: 39
Accessing and remapping block: 39
Total number of tuples: 1000
Getting data for blockID: 40
Accessing and remapping block: 40
Total number of tuples: 1000
Getting data for blockID: 41
Accessing and remapping block: 41
Block data is empty.
Getting data for blockID: 42
Accessing and remapping block: 42
Total number of tuples: 1000
Getting data for blockID: 43
Accessing and remapping block: 43
Total number of tuples: 1000
Getting data for blockID: 44
Accessing and remapping block: 44
Total number of tuples: 1000
Getting data for blockID: 45
Accessing and remapping block: 45
Total number of tuples: 1000
Getting data for blockID: 46
Accessing and remapping block: 46
Total number of tuples: 1000
Getting data for blockID: 47
Accessing and remapping block: 47
Block data is empty.
Getting data for blockID: 48
Accessing and remapping block: 48
Total number of tuples: 1000
Getting data for blockID: 49
Accessing and remapping block: 49
Total number of tuples: 1000
Getting data for blockID: 50
Accessing and remapping block: 50
Total number of tuples: 1000
Getting data for blockID: 51
Accessing and remapping block: 51
Total number of tuples: 1000
Getting data for blockID: 52
Accessing and remapping block: 52
Total number of tuples: 1000
Getting data for blockID: 53
Accessing and remapping block: 53
Total number of tuples: 1000
Getting data for blockID: 54
Accessing and remapping block: 54
Total number of tuples: 1000
Getting data for blockID: 55
Accessing and remapping block: 55
Block data is empty.
Getting data for blockID: 56
Accessing and remapping block: 56
Total number of tuples: 1000
Getting data for blockID: 57
Accessing and remapping block: 57
Total number of tuples: 1000
Getting data for blockID: 58
Accessing and remapping block: 58
Block data is empty.
Getting data for blockID: 59
Accessing and remapping block: 59
Total number of tuples: 1000
Getting data for blockID: 60
Accessing and remapping block: 60
Total number of tuples: 175
Count of tuples containing either filter_id: 34458
[       OK ] ORAMTestSQL.SQLCountORQuery (5085 ms)
[ RUN      ] ORAMTestSQL.SQLCountANDQuery
Storage has been initialized
Position map initialized from file: ../backup_ser5/position-map_server_4.bin
[Stash load] Block ID: 38
[Stash load] Block ID: 56
[Stash load] Block ID: 78
[Stash load] Block ID: 45
[Stash load] Block ID: 10
[Stash load] Block ID: 48
[Stash load] Block ID: 59
Loaded stash with block size: 140800
Getting data for blockID: 0
Accessing and remapping block: 0
Block data is empty.
Getting data for blockID: 1
Accessing and remapping block: 1
Total number of tuples: 1000
Getting data for blockID: 2
Accessing and remapping block: 2
Block data is empty.
Getting data for blockID: 3
Accessing and remapping block: 3
Total number of tuples: 1000
Getting data for blockID: 4
Accessing and remapping block: 4
Block data is empty.
Getting data for blockID: 5
Accessing and remapping block: 5
Block data is empty.
Getting data for blockID: 6
Accessing and remapping block: 6
Total number of tuples: 1000
Getting data for blockID: 7
Accessing and remapping block: 7
Block data is empty.
Getting data for blockID: 8
Accessing and remapping block: 8
Block data is empty.
Getting data for blockID: 9
Accessing and remapping block: 9
Block data is empty.
Getting data for blockID: 10
Accessing and remapping block: 10
Total number of tuples: 1000
Getting data for blockID: 11
Accessing and remapping block: 11
Block data is empty.
Getting data for blockID: 12
Accessing and remapping block: 12
Total number of tuples: 1000
Getting data for blockID: 13
Accessing and remapping block: 13
Total number of tuples: 1000
Getting data for blockID: 14
Accessing and remapping block: 14
Total number of tuples: 1000
Getting data for blockID: 15
Accessing and remapping block: 15
Total number of tuples: 1000
Getting data for blockID: 16
Accessing and remapping block: 16
Total number of tuples: 1000
Getting data for blockID: 17
Accessing and remapping block: 17
Total number of tuples: 1000
Getting data for blockID: 18
Accessing and remapping block: 18
Total number of tuples: 1000
Getting data for blockID: 19
Accessing and remapping block: 19
Total number of tuples: 1000
Getting data for blockID: 20
Accessing and remapping block: 20
Block data is empty.
Getting data for blockID: 21
Accessing and remapping block: 21
Total number of tuples: 1000
Getting data for blockID: 22
Accessing and remapping block: 22
Total number of tuples: 1000
Getting data for blockID: 23
Accessing and remapping block: 23
Block data is empty.
Getting data for blockID: 24
Accessing and remapping block: 24
Total number of tuples: 1000
Getting data for blockID: 25
Accessing and remapping block: 25
Total number of tuples: 1000
Getting data for blockID: 26
Accessing and remapping block: 26
Total number of tuples: 1000
Getting data for blockID: 27
Accessing and remapping block: 27
Block data is empty.
Getting data for blockID: 28
Accessing and remapping block: 28
Block data is empty.
Getting data for blockID: 29
Accessing and remapping block: 29
Total number of tuples: 1000
Getting data for blockID: 30
Accessing and remapping block: 30
Total number of tuples: 1000
Getting data for blockID: 31
Accessing and remapping block: 31
Total number of tuples: 1000
Getting data for blockID: 32
Accessing and remapping block: 32
Block data is empty.
Getting data for blockID: 33
Accessing and remapping block: 33
Total number of tuples: 1000
Getting data for blockID: 34
Accessing and remapping block: 34
Total number of tuples: 1000
Getting data for blockID: 35
Accessing and remapping block: 35
Block data is empty.
Getting data for blockID: 36
Accessing and remapping block: 36
Block data is empty.
Getting data for blockID: 37
Accessing and remapping block: 37
Total number of tuples: 1000
Getting data for blockID: 38
Accessing and remapping block: 38
Total number of tuples: 1000
Getting data for blockID: 39
Accessing and remapping block: 39
Total number of tuples: 1000
Getting data for blockID: 40
Accessing and remapping block: 40
Total number of tuples: 1000
Getting data for blockID: 41
Accessing and remapping block: 41
Block data is empty.
Getting data for blockID: 42
Accessing and remapping block: 42
Total number of tuples: 1000
Getting data for blockID: 43
Accessing and remapping block: 43
Total number of tuples: 1000
Getting data for blockID: 44
Accessing and remapping block: 44
Total number of tuples: 1000
Getting data for blockID: 45
Accessing and remapping block: 45
Total number of tuples: 1000
Getting data for blockID: 46
Accessing and remapping block: 46
Total number of tuples: 1000
Getting data for blockID: 47
Accessing and remapping block: 47
Total number of tuples: 1000
Getting data for blockID: 48
Accessing and remapping block: 48
Total number of tuples: 1000
Getting data for blockID: 49
Accessing and remapping block: 49
Total number of tuples: 1000
Getting data for blockID: 50
Accessing and remapping block: 50
Total number of tuples: 1000
Getting data for blockID: 51
Accessing and remapping block: 51
Total number of tuples: 1000
Getting data for blockID: 52
Accessing and remapping block: 52
Total number of tuples: 1000
Getting data for blockID: 53
Accessing and remapping block: 53
Total number of tuples: 1000
Getting data for blockID: 54
Accessing and remapping block: 54
Total number of tuples: 1000
Getting data for blockID: 55
Accessing and remapping block: 55
Block data is empty.
Getting data for blockID: 56
Accessing and remapping block: 56
Total number of tuples: 1000
Getting data for blockID: 57
Accessing and remapping block: 57
Total number of tuples: 1000
Getting data for blockID: 58
Accessing and remapping block: 58
Block data is empty.
Getting data for blockID: 59
Accessing and remapping block: 59
Total number of tuples: 1000
Getting data for blockID: 60
Accessing and remapping block: 60
Block data is empty.
Count of tuples containing both filter_ids: 4243
[       OK ] ORAMTestSQL.SQLCountANDQuery (5293 ms)
[ RUN      ] ORAMTestSQL.SQLSUMORQuery
Storage has been initialized
Position map initialized from file: ../backup_ser5/position-map_server_4.bin
[Stash load] Block ID: 38
[Stash load] Block ID: 56
[Stash load] Block ID: 78
[Stash load] Block ID: 45
[Stash load] Block ID: 10
[Stash load] Block ID: 48
[Stash load] Block ID: 59
Loaded stash with block size: 140800
Getting data for blockID: 0
Accessing and remapping block: 0
Block data is empty.
Getting data for blockID: 1
Accessing and remapping block: 1
Block data is empty.
Getting data for blockID: 2
Accessing and remapping block: 2
Block data is empty.
Getting data for blockID: 3
Accessing and remapping block: 3
Block data is empty.
Getting data for blockID: 4
Accessing and remapping block: 4
Block data is empty.
Getting data for blockID: 5
Accessing and remapping block: 5
Total number of tuples: 1000
Getting data for blockID: 6
Accessing and remapping block: 6
Total number of tuples: 1000
Getting data for blockID: 7
Accessing and remapping block: 7
Block data is empty.
Getting data for blockID: 8
Accessing and remapping block: 8
Block data is empty.
Getting data for blockID: 9
Accessing and remapping block: 9
Total number of tuples: 1000
Getting data for blockID: 10
Accessing and remapping block: 10
Total number of tuples: 1000
Getting data for blockID: 11
Accessing and remapping block: 11
Block data is empty.
Getting data for blockID: 12
Accessing and remapping block: 12
Total number of tuples: 1000
Getting data for blockID: 13
Accessing and remapping block: 13
Block data is empty.
Getting data for blockID: 14
Accessing and remapping block: 14
Total number of tuples: 1000
Getting data for blockID: 15
Accessing and remapping block: 15
Total number of tuples: 1000
Getting data for blockID: 16
Accessing and remapping block: 16
Total number of tuples: 1000
Getting data for blockID: 17
Accessing and remapping block: 17
Total number of tuples: 1000
Getting data for blockID: 18
Accessing and remapping block: 18
Total number of tuples: 1000
Getting data for blockID: 19
Accessing and remapping block: 19
Total number of tuples: 1000
Getting data for blockID: 20
Accessing and remapping block: 20
Block data is empty.
Getting data for blockID: 21
Accessing and remapping block: 21
Total number of tuples: 1000
Getting data for blockID: 22
Accessing and remapping block: 22
Total number of tuples: 1000
Getting data for blockID: 23
Accessing and remapping block: 23
Total number of tuples: 1000
Getting data for blockID: 24
Accessing and remapping block: 24
Block data is empty.
Getting data for blockID: 25
Accessing and remapping block: 25
Total number of tuples: 1000
Getting data for blockID: 26
Accessing and remapping block: 26
Block data is empty.
Getting data for blockID: 27
Accessing and remapping block: 27
Block data is empty.
Getting data for blockID: 28
Accessing and remapping block: 28
Total number of tuples: 1000
Getting data for blockID: 29
Accessing and remapping block: 29
Block data is empty.
Getting data for blockID: 30
Accessing and remapping block: 30
Total number of tuples: 1000
Getting data for blockID: 31
Accessing and remapping block: 31
Total number of tuples: 1000
Getting data for blockID: 32
Accessing and remapping block: 32
Block data is empty.
Getting data for blockID: 33
Accessing and remapping block: 33
Total number of tuples: 1000
Getting data for blockID: 34
Accessing and remapping block: 34
Total number of tuples: 1000
Getting data for blockID: 35
Accessing and remapping block: 35
Block data is empty.
Getting data for blockID: 36
Accessing and remapping block: 36
Block data is empty.
Getting data for blockID: 37
Accessing and remapping block: 37
Total number of tuples: 1000
Getting data for blockID: 38
Accessing and remapping block: 38
Total number of tuples: 1000
Getting data for blockID: 39
Accessing and remapping block: 39
Total number of tuples: 1000
Getting data for blockID: 40
Accessing and remapping block: 40
Total number of tuples: 1000
Getting data for blockID: 41
Accessing and remapping block: 41
Block data is empty.
Getting data for blockID: 42
Accessing and remapping block: 42
Total number of tuples: 1000
Getting data for blockID: 43
Accessing and remapping block: 43
Total number of tuples: 1000
Getting data for blockID: 44
Accessing and remapping block: 44
Total number of tuples: 1000
Getting data for blockID: 45
Accessing and remapping block: 45
Total number of tuples: 1000
Getting data for blockID: 46
Accessing and remapping block: 46
Total number of tuples: 1000
Getting data for blockID: 47
Accessing and remapping block: 47
Total number of tuples: 1000
Getting data for blockID: 48
Accessing and remapping block: 48
Total number of tuples: 1000
Getting data for blockID: 49
Accessing and remapping block: 49
Total number of tuples: 1000
Getting data for blockID: 50
Accessing and remapping block: 50
Total number of tuples: 1000
Getting data for blockID: 51
Accessing and remapping block: 51
Block data is empty.
Getting data for blockID: 52
Accessing and remapping block: 52
Total number of tuples: 1000
Getting data for blockID: 53
Accessing and remapping block: 53
Total number of tuples: 1000
Getting data for blockID: 54
Accessing and remapping block: 54
Total number of tuples: 1000
Getting data for blockID: 55
Accessing and remapping block: 55
Block data is empty.
Getting data for blockID: 56
Accessing and remapping block: 56
Total number of tuples: 1000
Getting data for blockID: 57
Accessing and remapping block: 57
Total number of tuples: 1000
Getting data for blockID: 58
Accessing and remapping block: 58
Block data is empty.
Getting data for blockID: 59
Accessing and remapping block: 59
Total number of tuples: 1000
Getting data for blockID: 60
Accessing and remapping block: 60
Block data is empty.
Count of tuples containing either filter_id in SUM Query: 34421
[       OK ] ORAMTestSQL.SQLSUMORQuery (5209 ms)
[ RUN      ] ORAMTestSQL.SQLSUMANDQuery
Storage has been initialized
Position map initialized from file: ../backup_ser5/position-map_server_4.bin
[Stash load] Block ID: 38
[Stash load] Block ID: 56
[Stash load] Block ID: 78
[Stash load] Block ID: 45
[Stash load] Block ID: 10
[Stash load] Block ID: 48
[Stash load] Block ID: 59
Loaded stash with block size: 140800
Getting data for blockID: 0
Accessing and remapping block: 0
Block data is empty.
Getting data for blockID: 1
Accessing and remapping block: 1
Total number of tuples: 1000
Getting data for blockID: 2
Accessing and remapping block: 2
Block data is empty.
Getting data for blockID: 3
Accessing and remapping block: 3
Block data is empty.
Getting data for blockID: 4
Accessing and remapping block: 4
Block data is empty.
Getting data for blockID: 5
Accessing and remapping block: 5
Total number of tuples: 1000
Getting data for blockID: 6
Accessing and remapping block: 6
Block data is empty.
Getting data for blockID: 7
Accessing and remapping block: 7
Block data is empty.
Getting data for blockID: 8
Accessing and remapping block: 8
Total number of tuples: 1000
Getting data for blockID: 9
Accessing and remapping block: 9
Block data is empty.
Getting data for blockID: 10
Accessing and remapping block: 10
Total number of tuples: 1000
Getting data for blockID: 11
Accessing and remapping block: 11
Block data is empty.
Getting data for blockID: 12
Accessing and remapping block: 12
Block data is empty.
Getting data for blockID: 13
Accessing and remapping block: 13
Block data is empty.
Getting data for blockID: 14
Accessing and remapping block: 14
Total number of tuples: 1000
Getting data for blockID: 15
Accessing and remapping block: 15
Total number of tuples: 1000
Getting data for blockID: 16
Accessing and remapping block: 16
Total number of tuples: 1000
Getting data for blockID: 17
Accessing and remapping block: 17
Block data is empty.
Getting data for blockID: 18
Accessing and remapping block: 18
Total number of tuples: 1000
Getting data for blockID: 19
Accessing and remapping block: 19
Total number of tuples: 1000
Getting data for blockID: 20
Accessing and remapping block: 20
Block data is empty.
Getting data for blockID: 21
Accessing and remapping block: 21
Total number of tuples: 1000
Getting data for blockID: 22
Accessing and remapping block: 22
Total number of tuples: 1000
Getting data for blockID: 23
Accessing and remapping block: 23
Total number of tuples: 1000
Getting data for blockID: 24
Accessing and remapping block: 24
Total number of tuples: 1000
Getting data for blockID: 25
Accessing and remapping block: 25
Total number of tuples: 1000
Getting data for blockID: 26
Accessing and remapping block: 26
Total number of tuples: 1000
Getting data for blockID: 27
Accessing and remapping block: 27
Total number of tuples: 1000
Getting data for blockID: 28
Accessing and remapping block: 28
Total number of tuples: 1000
Getting data for blockID: 29
Accessing and remapping block: 29
Total number of tuples: 1000
Getting data for blockID: 30
Accessing and remapping block: 30
Block data is empty.
Getting data for blockID: 31
Accessing and remapping block: 31
Block data is empty.
Getting data for blockID: 32
Accessing and remapping block: 32
Block data is empty.
Getting data for blockID: 33
Accessing and remapping block: 33
Total number of tuples: 1000
Getting data for blockID: 34
Accessing and remapping block: 34
Total number of tuples: 1000
Getting data for blockID: 35
Accessing and remapping block: 35
Block data is empty.
Getting data for blockID: 36
Accessing and remapping block: 36
Block data is empty.
Getting data for blockID: 37
Accessing and remapping block: 37
Total number of tuples: 1000
Getting data for blockID: 38
Accessing and remapping block: 38
Total number of tuples: 1000
Getting data for blockID: 39
Accessing and remapping block: 39
Total number of tuples: 1000
Getting data for blockID: 40
Accessing and remapping block: 40
Total number of tuples: 1000
Getting data for blockID: 41
Accessing and remapping block: 41
Block data is empty.
Getting data for blockID: 42
Accessing and remapping block: 42
Block data is empty.
Getting data for blockID: 43
Accessing and remapping block: 43
Total number of tuples: 1000
Getting data for blockID: 44
Accessing and remapping block: 44
Total number of tuples: 1000
Getting data for blockID: 45
Accessing and remapping block: 45
Total number of tuples: 1000
Getting data for blockID: 46
Accessing and remapping block: 46
Total number of tuples: 1000
Getting data for blockID: 47
Accessing and remapping block: 47
Block data is empty.
Getting data for blockID: 48
Accessing and remapping block: 48
Total number of tuples: 1000
Getting data for blockID: 49
Accessing and remapping block: 49
Total number of tuples: 1000
Getting data for blockID: 50
Accessing and remapping block: 50
Total number of tuples: 1000
Getting data for blockID: 51
Accessing and remapping block: 51
Block data is empty.
Getting data for blockID: 52
Accessing and remapping block: 52
Total number of tuples: 1000
Getting data for blockID: 53
Accessing and remapping block: 53
Total number of tuples: 1000
Getting data for blockID: 54
Accessing and remapping block: 54
Total number of tuples: 1000
Getting data for blockID: 55
Accessing and remapping block: 55
Block data is empty.
Getting data for blockID: 56
Accessing and remapping block: 56
Total number of tuples: 1000
Getting data for blockID: 57
Accessing and remapping block: 57
Total number of tuples: 1000
Getting data for blockID: 58
Accessing and remapping block: 58
Block data is empty.
Getting data for blockID: 59
Accessing and remapping block: 59
Total number of tuples: 1000
Getting data for blockID: 60
Accessing and remapping block: 60
Block data is empty.
Count of tuples containing both filter_id in SUM Query: 4250
[       OK ] ORAMTestSQL.SQLSUMANDQuery (5939 ms)
[ RUN      ] ORAMTestSQL.SQLAVGORQuery
Storage has been initialized
Position map initialized from file: ../backup_ser5/position-map_server_4.bin
[Stash load] Block ID: 38
[Stash load] Block ID: 56
[Stash load] Block ID: 78
[Stash load] Block ID: 45
[Stash load] Block ID: 10
[Stash load] Block ID: 48
[Stash load] Block ID: 59
Loaded stash with block size: 140800
Getting data for blockID: 0
Accessing and remapping block: 0
Block data is empty.
Getting data for blockID: 1
Accessing and remapping block: 1
Block data is empty.
Getting data for blockID: 2
Accessing and remapping block: 2
Block data is empty.
Getting data for blockID: 3
Accessing and remapping block: 3
Total number of tuples: 1000
Getting data for blockID: 4
Accessing and remapping block: 4
Total number of tuples: 1000
Getting data for blockID: 5
Accessing and remapping block: 5
Total number of tuples: 1000
Getting data for blockID: 6
Accessing and remapping block: 6
Block data is empty.
Getting data for blockID: 7
Accessing and remapping block: 7
Block data is empty.
Getting data for blockID: 8
Accessing and remapping block: 8
Total number of tuples: 1000
Getting data for blockID: 9
Accessing and remapping block: 9
Total number of tuples: 1000
Getting data for blockID: 10
Accessing and remapping block: 10
Total number of tuples: 1000
Getting data for blockID: 11
Accessing and remapping block: 11
Block data is empty.
Getting data for blockID: 12
Accessing and remapping block: 12
Total number of tuples: 1000
Getting data for blockID: 13
Accessing and remapping block: 13
Total number of tuples: 1000
Getting data for blockID: 14
Accessing and remapping block: 14
Total number of tuples: 1000
Getting data for blockID: 15
Accessing and remapping block: 15
Total number of tuples: 1000
Getting data for blockID: 16
Accessing and remapping block: 16
Total number of tuples: 1000
Getting data for blockID: 17
Accessing and remapping block: 17
Block data is empty.
Getting data for blockID: 18
Accessing and remapping block: 18
Total number of tuples: 1000
Getting data for blockID: 19
Accessing and remapping block: 19
Total number of tuples: 1000
Getting data for blockID: 20
Accessing and remapping block: 20
Block data is empty.
Getting data for blockID: 21
Accessing and remapping block: 21
Total number of tuples: 1000
Getting data for blockID: 22
Accessing and remapping block: 22
Total number of tuples: 1000
Getting data for blockID: 23
Accessing and remapping block: 23
Total number of tuples: 1000
Getting data for blockID: 24
Accessing and remapping block: 24
Total number of tuples: 1000
Getting data for blockID: 25
Accessing and remapping block: 25
Total number of tuples: 1000
Getting data for blockID: 26
Accessing and remapping block: 26
Total number of tuples: 1000
Getting data for blockID: 27
Accessing and remapping block: 27
Total number of tuples: 1000
Getting data for blockID: 28
Accessing and remapping block: 28
Block data is empty.
Getting data for blockID: 29
Accessing and remapping block: 29
Block data is empty.
Getting data for blockID: 30
Accessing and remapping block: 30
Total number of tuples: 1000
Getting data for blockID: 31
Accessing and remapping block: 31
Block data is empty.
Getting data for blockID: 32
Accessing and remapping block: 32
Block data is empty.
Getting data for blockID: 33
Accessing and remapping block: 33
Total number of tuples: 1000
Getting data for blockID: 34
Accessing and remapping block: 34
Total number of tuples: 1000
Getting data for blockID: 35
Accessing and remapping block: 35
Block data is empty.
Getting data for blockID: 36
Accessing and remapping block: 36
Block data is empty.
Getting data for blockID: 37
Accessing and remapping block: 37
Total number of tuples: 1000
Getting data for blockID: 38
Accessing and remapping block: 38
Total number of tuples: 1000
Getting data for blockID: 39
Accessing and remapping block: 39
Total number of tuples: 1000
Getting data for blockID: 40
Accessing and remapping block: 40
Total number of tuples: 1000
Getting data for blockID: 41
Accessing and remapping block: 41
Block data is empty.
Getting data for blockID: 42
Accessing and remapping block: 42
Total number of tuples: 1000
Getting data for blockID: 43
Accessing and remapping block: 43
Total number of tuples: 1000
Getting data for blockID: 44
Accessing and remapping block: 44
Total number of tuples: 1000
Getting data for blockID: 45
Accessing and remapping block: 45
Total number of tuples: 1000
Getting data for blockID: 46
Accessing and remapping block: 46
Block data is empty.
Getting data for blockID: 47
Accessing and remapping block: 47
Total number of tuples: 1000
Getting data for blockID: 48
Accessing and remapping block: 48
Total number of tuples: 1000
Getting data for blockID: 49
Accessing and remapping block: 49
Total number of tuples: 1000
Getting data for blockID: 50
Accessing and remapping block: 50
Total number of tuples: 1000
Getting data for blockID: 51
Accessing and remapping block: 51
Block data is empty.
Getting data for blockID: 52
Accessing and remapping block: 52
Total number of tuples: 1000
Getting data for blockID: 53
Accessing and remapping block: 53
Total number of tuples: 1000
Getting data for blockID: 54
Accessing and remapping block: 54
Total number of tuples: 1000
Getting data for blockID: 55
Accessing and remapping block: 55
Block data is empty.
Getting data for blockID: 56
Accessing and remapping block: 56
Total number of tuples: 1000
Getting data for blockID: 57
Accessing and remapping block: 57
Total number of tuples: 1000
Getting data for blockID: 58
Accessing and remapping block: 58
Block data is empty.
Getting data for blockID: 59
Accessing and remapping block: 59
Total number of tuples: 1000
Getting data for blockID: 60
Accessing and remapping block: 60
Block data is empty.
Count of tuples containing either filter_id in AVG Query: 34292
[       OK ] ORAMTestSQL.SQLAVGORQuery (5636 ms)
[ RUN      ] ORAMTestSQL.SQLAVGANDQuery
Storage has been initialized
Position map initialized from file: ../backup_ser5/position-map_server_4.bin
[Stash load] Block ID: 38
[Stash load] Block ID: 56
[Stash load] Block ID: 78
[Stash load] Block ID: 45
[Stash load] Block ID: 10
[Stash load] Block ID: 48
[Stash load] Block ID: 59
Loaded stash with block size: 140800
Getting data for blockID: 0
Accessing and remapping block: 0
Block data is empty.
Getting data for blockID: 1
Accessing and remapping block: 1
Total number of tuples: 1000
Getting data for blockID: 2
Accessing and remapping block: 2
Block data is empty.
Getting data for blockID: 3
Accessing and remapping block: 3
Block data is empty.
Getting data for blockID: 4
Accessing and remapping block: 4
Block data is empty.
Getting data for blockID: 5
Accessing and remapping block: 5
Block data is empty.
Getting data for blockID: 6
Accessing and remapping block: 6
Block data is empty.
Getting data for blockID: 7
Accessing and remapping block: 7
Block data is empty.
Getting data for blockID: 8
Accessing and remapping block: 8
Total number of tuples: 1000
Getting data for blockID: 9
Accessing and remapping block: 9
Total number of tuples: 1000
Getting data for blockID: 10
Accessing and remapping block: 10
Total number of tuples: 1000
Getting data for blockID: 11
Accessing and remapping block: 11
Block data is empty.
Getting data for blockID: 12
Accessing and remapping block: 12
Total number of tuples: 1000
Getting data for blockID: 13
Accessing and remapping block: 13
Total number of tuples: 1000
Getting data for blockID: 14
Accessing and remapping block: 14
Total number of tuples: 1000
Getting data for blockID: 15
Accessing and remapping block: 15
Block data is empty.
Getting data for blockID: 16
Accessing and remapping block: 16
Total number of tuples: 1000
Getting data for blockID: 17
Accessing and remapping block: 17
Total number of tuples: 1000
Getting data for blockID: 18
Accessing and remapping block: 18
Total number of tuples: 1000
Getting data for blockID: 19
Accessing and remapping block: 19
Total number of tuples: 1000
Getting data for blockID: 20
Accessing and remapping block: 20
Block data is empty.
Getting data for blockID: 21
Accessing and remapping block: 21
Total number of tuples: 1000
Getting data for blockID: 22
Accessing and remapping block: 22
Block data is empty.
Getting data for blockID: 23
Accessing and remapping block: 23
Total number of tuples: 1000
Getting data for blockID: 24
Accessing and remapping block: 24
Total number of tuples: 1000
Getting data for blockID: 25
Accessing and remapping block: 25
Total number of tuples: 1000
Getting data for blockID: 26
Accessing and remapping block: 26
Total number of tuples: 1000
Getting data for blockID: 27
Accessing and remapping block: 27
Total number of tuples: 1000
Getting data for blockID: 28
Accessing and remapping block: 28
Total number of tuples: 1000
Getting data for blockID: 29
Accessing and remapping block: 29
Total number of tuples: 1000
Getting data for blockID: 30
Accessing and remapping block: 30
Total number of tuples: 1000
Getting data for blockID: 31
Accessing and remapping block: 31
Total number of tuples: 1000
Getting data for blockID: 32
Accessing and remapping block: 32
Block data is empty.
Getting data for blockID: 33
Accessing and remapping block: 33
Total number of tuples: 1000
Getting data for blockID: 34
Accessing and remapping block: 34
Total number of tuples: 1000
Getting data for blockID: 35
Accessing and remapping block: 35
Block data is empty.
Getting data for blockID: 36
Accessing and remapping block: 36
Block data is empty.
Getting data for blockID: 37
Accessing and remapping block: 37
Total number of tuples: 1000
Getting data for blockID: 38
Accessing and remapping block: 38
Total number of tuples: 1000
Getting data for blockID: 39
Accessing and remapping block: 39
Total number of tuples: 1000
Getting data for blockID: 40
Accessing and remapping block: 40
Total number of tuples: 1000
Getting data for blockID: 41
Accessing and remapping block: 41
Block data is empty.
Getting data for blockID: 42
Accessing and remapping block: 42
Total number of tuples: 1000
Getting data for blockID: 43
Accessing and remapping block: 43
Total number of tuples: 1000
Getting data for blockID: 44
Accessing and remapping block: 44
Total number of tuples: 1000
Getting data for blockID: 45
Accessing and remapping block: 45
Total number of tuples: 1000
Getting data for blockID: 46
Accessing and remapping block: 46
Total number of tuples: 1000
Getting data for blockID: 47
Accessing and remapping block: 47
Total number of tuples: 1000
Getting data for blockID: 48
Accessing and remapping block: 48
Total number of tuples: 1000
Getting data for blockID: 49
Accessing and remapping block: 49
Total number of tuples: 1000
Getting data for blockID: 50
Accessing and remapping block: 50
Total number of tuples: 1000
Getting data for blockID: 51
Accessing and remapping block: 51
Block data is empty.
Getting data for blockID: 52
Accessing and remapping block: 52
Total number of tuples: 1000
Getting data for blockID: 53
Accessing and remapping block: 53
Total number of tuples: 1000
Getting data for blockID: 54
Accessing and remapping block: 54
Total number of tuples: 1000
Getting data for blockID: 55
Accessing and remapping block: 55
Block data is empty.
Getting data for blockID: 56
Accessing and remapping block: 56
Total number of tuples: 1000
Getting data for blockID: 57
Accessing and remapping block: 57
Total number of tuples: 1000
Getting data for blockID: 58
Accessing and remapping block: 58
Block data is empty.
Getting data for blockID: 59
Accessing and remapping block: 59
Total number of tuples: 1000
Getting data for blockID: 60
Accessing and remapping block: 60
Block data is empty.
Count of tuples containing both filter_id in AVG Query: 4332
[       OK ] ORAMTestSQL.SQLAVGANDQuery (5302 ms)
[ RUN      ] ORAMTestSQL.SQLMINORQuery
Storage has been initialized
Position map initialized from file: ../backup_ser5/position-map_server_4.bin
[Stash load] Block ID: 38
[Stash load] Block ID: 56
[Stash load] Block ID: 78
[Stash load] Block ID: 45
[Stash load] Block ID: 10
[Stash load] Block ID: 48
[Stash load] Block ID: 59
Loaded stash with block size: 140800
Getting data for blockID: 0
Accessing and remapping block: 0
Block data is empty.
Getting data for blockID: 1
Accessing and remapping block: 1
Total number of tuples: 1000
Getting data for blockID: 2
Accessing and remapping block: 2
Block data is empty.
Getting data for blockID: 3
Accessing and remapping block: 3
Total number of tuples: 1000
Getting data for blockID: 4
Accessing and remapping block: 4
Total number of tuples: 1000
Getting data for blockID: 5
Accessing and remapping block: 5
Block data is empty.
Getting data for blockID: 6
Accessing and remapping block: 6
Block data is empty.
Getting data for blockID: 7
Accessing and remapping block: 7
Block data is empty.
Getting data for blockID: 8
Accessing and remapping block: 8
Block data is empty.
Getting data for blockID: 9
Accessing and remapping block: 9
Total number of tuples: 1000
Getting data for blockID: 10
Accessing and remapping block: 10
Total number of tuples: 1000
Getting data for blockID: 11
Accessing and remapping block: 11
Block data is empty.
Getting data for blockID: 12
Accessing and remapping block: 12
Total number of tuples: 1000
Getting data for blockID: 13
Accessing and remapping block: 13
Total number of tuples: 1000
Getting data for blockID: 14
Accessing and remapping block: 14
Total number of tuples: 1000
Getting data for blockID: 15
Accessing and remapping block: 15
Total number of tuples: 1000
Getting data for blockID: 16
Accessing and remapping block: 16
Total number of tuples: 1000
Getting data for blockID: 17
Accessing and remapping block: 17
Total number of tuples: 1000
Getting data for blockID: 18
Accessing and remapping block: 18
Total number of tuples: 1000
Getting data for blockID: 19
Accessing and remapping block: 19
Total number of tuples: 1000
Getting data for blockID: 20
Accessing and remapping block: 20
Block data is empty.
Getting data for blockID: 21
Accessing and remapping block: 21
Total number of tuples: 1000
Getting data for blockID: 22
Accessing and remapping block: 22
Total number of tuples: 1000
Getting data for blockID: 23
Accessing and remapping block: 23
Block data is empty.
Getting data for blockID: 24
Accessing and remapping block: 24
Total number of tuples: 1000
Getting data for blockID: 25
Accessing and remapping block: 25
Block data is empty.
Getting data for blockID: 26
Accessing and remapping block: 26
Total number of tuples: 1000
Getting data for blockID: 27
Accessing and remapping block: 27
Total number of tuples: 1000
Getting data for blockID: 28
Accessing and remapping block: 28
Total number of tuples: 1000
Getting data for blockID: 29
Accessing and remapping block: 29
Block data is empty.
Getting data for blockID: 30
Accessing and remapping block: 30
Total number of tuples: 1000
Getting data for blockID: 31
Accessing and remapping block: 31
Total number of tuples: 1000
Getting data for blockID: 32
Accessing and remapping block: 32
Block data is empty.
Getting data for blockID: 33
Accessing and remapping block: 33
Total number of tuples: 1000
Getting data for blockID: 34
Accessing and remapping block: 34
Total number of tuples: 1000
Getting data for blockID: 35
Accessing and remapping block: 35
Block data is empty.
Getting data for blockID: 36
Accessing and remapping block: 36
Block data is empty.
Getting data for blockID: 37
Accessing and remapping block: 37
Total number of tuples: 1000
Getting data for blockID: 38
Accessing and remapping block: 38
Total number of tuples: 1000
Getting data for blockID: 39
Accessing and remapping block: 39
Total number of tuples: 1000
Getting data for blockID: 40
Accessing and remapping block: 40
Total number of tuples: 1000
Getting data for blockID: 41
Accessing and remapping block: 41
Block data is empty.
Getting data for blockID: 42
Accessing and remapping block: 42
Total number of tuples: 1000
Getting data for blockID: 43
Accessing and remapping block: 43
Block data is empty.
Getting data for blockID: 44
Accessing and remapping block: 44
Total number of tuples: 1000
Getting data for blockID: 45
Accessing and remapping block: 45
Total number of tuples: 1000
Getting data for blockID: 46
Accessing and remapping block: 46
Total number of tuples: 1000
Getting data for blockID: 47
Accessing and remapping block: 47
Total number of tuples: 1000
Getting data for blockID: 48
Accessing and remapping block: 48
Total number of tuples: 1000
Getting data for blockID: 49
Accessing and remapping block: 49
Total number of tuples: 1000
Getting data for blockID: 50
Accessing and remapping block: 50
Total number of tuples: 1000
Getting data for blockID: 51
Accessing and remapping block: 51
Block data is empty.
Getting data for blockID: 52
Accessing and remapping block: 52
Total number of tuples: 1000
Getting data for blockID: 53
Accessing and remapping block: 53
Total number of tuples: 1000
Getting data for blockID: 54
Accessing and remapping block: 54
Total number of tuples: 1000
Getting data for blockID: 55
Accessing and remapping block: 55
Block data is empty.
Getting data for blockID: 56
Accessing and remapping block: 56
Total number of tuples: 1000
Getting data for blockID: 57
Accessing and remapping block: 57
Total number of tuples: 1000
Getting data for blockID: 58
Accessing and remapping block: 58
Block data is empty.
Getting data for blockID: 59
Accessing and remapping block: 59
Total number of tuples: 1000
Getting data for blockID: 60
Accessing and remapping block: 60
Block data is empty.
Count of tuples containing either filter_id in MIN Query: 34283
[       OK ] ORAMTestSQL.SQLMINORQuery (5272 ms)
[ RUN      ] ORAMTestSQL.SQLMINANDQuery
Storage has been initialized
Position map initialized from file: ../backup_ser5/position-map_server_4.bin
[Stash load] Block ID: 38
[Stash load] Block ID: 56
[Stash load] Block ID: 78
[Stash load] Block ID: 45
[Stash load] Block ID: 10
[Stash load] Block ID: 48
[Stash load] Block ID: 59
Loaded stash with block size: 140800
Getting data for blockID: 0
Accessing and remapping block: 0
Block data is empty.
Getting data for blockID: 1
Accessing and remapping block: 1
Block data is empty.
Getting data for blockID: 2
Accessing and remapping block: 2
Total number of tuples: 1000
Getting data for blockID: 3
Accessing and remapping block: 3
Block data is empty.
Getting data for blockID: 4
Accessing and remapping block: 4
Block data is empty.
Getting data for blockID: 5
Accessing and remapping block: 5
Block data is empty.
Getting data for blockID: 6
Accessing and remapping block: 6
Total number of tuples: 1000
Getting data for blockID: 7
Accessing and remapping block: 7
Block data is empty.
Getting data for blockID: 8
Accessing and remapping block: 8
Total number of tuples: 1000
Getting data for blockID: 9
Accessing and remapping block: 9
Block data is empty.
Getting data for blockID: 10
Accessing and remapping block: 10
Total number of tuples: 1000
Getting data for blockID: 11
Accessing and remapping block: 11
Block data is empty.
Getting data for blockID: 12
Accessing and remapping block: 12
Total number of tuples: 1000
Getting data for blockID: 13
Accessing and remapping block: 13
Block data is empty.
Getting data for blockID: 14
Accessing and remapping block: 14
Total number of tuples: 1000
Getting data for blockID: 15
Accessing and remapping block: 15
Total number of tuples: 1000
Getting data for blockID: 16
Accessing and remapping block: 16
Total number of tuples: 1000
Getting data for blockID: 17
Accessing and remapping block: 17
Total number of tuples: 1000
Getting data for blockID: 18
Accessing and remapping block: 18
Total number of tuples: 1000
Getting data for blockID: 19
Accessing and remapping block: 19
Total number of tuples: 1000
Getting data for blockID: 20
Accessing and remapping block: 20
Block data is empty.
Getting data for blockID: 21
Accessing and remapping block: 21
Total number of tuples: 1000
Getting data for blockID: 22
Accessing and remapping block: 22
Block data is empty.
Getting data for blockID: 23
Accessing and remapping block: 23
Block data is empty.
Getting data for blockID: 24
Accessing and remapping block: 24
Total number of tuples: 1000
Getting data for blockID: 25
Accessing and remapping block: 25
Total number of tuples: 1000
Getting data for blockID: 26
Accessing and remapping block: 26
Total number of tuples: 1000
Getting data for blockID: 27
Accessing and remapping block: 27
Total number of tuples: 1000
Getting data for blockID: 28
Accessing and remapping block: 28
Total number of tuples: 1000
Getting data for blockID: 29
Accessing and remapping block: 29
Total number of tuples: 1000
Getting data for blockID: 30
Accessing and remapping block: 30
Total number of tuples: 1000
Getting data for blockID: 31
Accessing and remapping block: 31
Total number of tuples: 1000
Getting data for blockID: 32
Accessing and remapping block: 32
Block data is empty.
Getting data for blockID: 33
Accessing and remapping block: 33
Total number of tuples: 1000
Getting data for blockID: 34
Accessing and remapping block: 34
Total number of tuples: 1000
Getting data for blockID: 35
Accessing and remapping block: 35
Block data is empty.
Getting data for blockID: 36
Accessing and remapping block: 36
Block data is empty.
Getting data for blockID: 37
Accessing and remapping block: 37
Total number of tuples: 1000
Getting data for blockID: 38
Accessing and remapping block: 38
Total number of tuples: 1000
Getting data for blockID: 39
Accessing and remapping block: 39
Total number of tuples: 1000
Getting data for blockID: 40
Accessing and remapping block: 40
Total number of tuples: 1000
Getting data for blockID: 41
Accessing and remapping block: 41
Block data is empty.
Getting data for blockID: 42
Accessing and remapping block: 42
Total number of tuples: 1000
Getting data for blockID: 43
Accessing and remapping block: 43
Total number of tuples: 1000
Getting data for blockID: 44
Accessing and remapping block: 44
Total number of tuples: 1000
Getting data for blockID: 45
Accessing and remapping block: 45
Total number of tuples: 1000
Getting data for blockID: 46
Accessing and remapping block: 46
Total number of tuples: 1000
Getting data for blockID: 47
Accessing and remapping block: 47
Total number of tuples: 1000
Getting data for blockID: 48
Accessing and remapping block: 48
Total number of tuples: 1000
Getting data for blockID: 49
Accessing and remapping block: 49
Block data is empty.
Getting data for blockID: 50
Accessing and remapping block: 50
Total number of tuples: 1000
Getting data for blockID: 51
Accessing and remapping block: 51
Block data is empty.
Getting data for blockID: 52
Accessing and remapping block: 52
Total number of tuples: 1000
Getting data for blockID: 53
Accessing and remapping block: 53
Total number of tuples: 1000
Getting data for blockID: 54
Accessing and remapping block: 54
Total number of tuples: 1000
Getting data for blockID: 55
Accessing and remapping block: 55
Block data is empty.
Getting data for blockID: 56
Accessing and remapping block: 56
Total number of tuples: 1000
Getting data for blockID: 57
Accessing and remapping block: 57
Total number of tuples: 1000
Getting data for blockID: 58
Accessing and remapping block: 58
Block data is empty.
Getting data for blockID: 59
Accessing and remapping block: 59
Total number of tuples: 1000
Getting data for blockID: 60
Accessing and remapping block: 60
Block data is empty.
Count of tuples containing both filter_id in MIN Query: 4413
[       OK ] ORAMTestSQL.SQLMINANDQuery (5219 ms)
[ RUN      ] ORAMTestSQL.SQLMAXORQuery
Storage has been initialized
Position map initialized from file: ../backup_ser5/position-map_server_4.bin
[Stash load] Block ID: 38
[Stash load] Block ID: 56
[Stash load] Block ID: 78
[Stash load] Block ID: 45
[Stash load] Block ID: 10
[Stash load] Block ID: 48
[Stash load] Block ID: 59
Loaded stash with block size: 140800
Getting data for blockID: 0
Accessing and remapping block: 0
Block data is empty.
Getting data for blockID: 1
Accessing and remapping block: 1
Total number of tuples: 1000
Getting data for blockID: 2
Accessing and remapping block: 2
Block data is empty.
Getting data for blockID: 3
Accessing and remapping block: 3
Block data is empty.
Getting data for blockID: 4
Accessing and remapping block: 4
Block data is empty.
Getting data for blockID: 5
Accessing and remapping block: 5
Total number of tuples: 1000
Getting data for blockID: 6
Accessing and remapping block: 6
Block data is empty.
Getting data for blockID: 7
Accessing and remapping block: 7
Block data is empty.
Getting data for blockID: 8
Accessing and remapping block: 8
Total number of tuples: 1000
Getting data for blockID: 9
Accessing and remapping block: 9
Total number of tuples: 1000
Getting data for blockID: 10
Accessing and remapping block: 10
Total number of tuples: 1000
Getting data for blockID: 11
Accessing and remapping block: 11
Block data is empty.
Getting data for blockID: 12
Accessing and remapping block: 12
Total number of tuples: 1000
Getting data for blockID: 13
Accessing and remapping block: 13
Total number of tuples: 1000
Getting data for blockID: 14
Accessing and remapping block: 14
Block data is empty.
Getting data for blockID: 15
Accessing and remapping block: 15
Total number of tuples: 1000
Getting data for blockID: 16
Accessing and remapping block: 16
Total number of tuples: 1000
Getting data for blockID: 17
Accessing and remapping block: 17
Total number of tuples: 1000
Getting data for blockID: 18
Accessing and remapping block: 18
Total number of tuples: 1000
Getting data for blockID: 19
Accessing and remapping block: 19
Total number of tuples: 1000
Getting data for blockID: 20
Accessing and remapping block: 20
Block data is empty.
Getting data for blockID: 21
Accessing and remapping block: 21
Total number of tuples: 1000
Getting data for blockID: 22
Accessing and remapping block: 22
Total number of tuples: 1000
Getting data for blockID: 23
Accessing and remapping block: 23
Block data is empty.
Getting data for blockID: 24
Accessing and remapping block: 24
Total number of tuples: 1000
Getting data for blockID: 25
Accessing and remapping block: 25
Total number of tuples: 1000
Getting data for blockID: 26
Accessing and remapping block: 26
Total number of tuples: 1000
Getting data for blockID: 27
Accessing and remapping block: 27
Total number of tuples: 1000
Getting data for blockID: 28
Accessing and remapping block: 28
Total number of tuples: 1000
Getting data for blockID: 29
Accessing and remapping block: 29
Total number of tuples: 1000
Getting data for blockID: 30
Accessing and remapping block: 30
Total number of tuples: 1000
Getting data for blockID: 31
Accessing and remapping block: 31
Total number of tuples: 1000
Getting data for blockID: 32
Accessing and remapping block: 32
Block data is empty.
Getting data for blockID: 33
Accessing and remapping block: 33
Total number of tuples: 1000
Getting data for blockID: 34
Accessing and remapping block: 34
Total number of tuples: 1000
Getting data for blockID: 35
Accessing and remapping block: 35
Block data is empty.
Getting data for blockID: 36
Accessing and remapping block: 36
Block data is empty.
Getting data for blockID: 37
Accessing and remapping block: 37
Total number of tuples: 1000
Getting data for blockID: 38
Accessing and remapping block: 38
Total number of tuples: 1000
Getting data for blockID: 39
Accessing and remapping block: 39
Total number of tuples: 1000
Getting data for blockID: 40
Accessing and remapping block: 40
Total number of tuples: 1000
Getting data for blockID: 41
Accessing and remapping block: 41
Block data is empty.
Getting data for blockID: 42
Accessing and remapping block: 42
Total number of tuples: 1000
Getting data for blockID: 43
Accessing and remapping block: 43
Total number of tuples: 1000
Getting data for blockID: 44
Accessing and remapping block: 44
Block data is empty.
Getting data for blockID: 45
Accessing and remapping block: 45
Total number of tuples: 1000
Getting data for blockID: 46
Accessing and remapping block: 46
Total number of tuples: 1000
Getting data for blockID: 47
Accessing and remapping block: 47
Total number of tuples: 1000
Getting data for blockID: 48
Accessing and remapping block: 48
Total number of tuples: 1000
Getting data for blockID: 49
Accessing and remapping block: 49
Total number of tuples: 1000
Getting data for blockID: 50
Accessing and remapping block: 50
Total number of tuples: 1000
Getting data for blockID: 51
Accessing and remapping block: 51
Block data is empty.
Getting data for blockID: 52
Accessing and remapping block: 52
Total number of tuples: 1000
Getting data for blockID: 53
Accessing and remapping block: 53
Total number of tuples: 1000
Getting data for blockID: 54
Accessing and remapping block: 54
Total number of tuples: 1000
Getting data for blockID: 55
Accessing and remapping block: 55
Block data is empty.
Getting data for blockID: 56
Accessing and remapping block: 56
Total number of tuples: 1000
Getting data for blockID: 57
Accessing and remapping block: 57
Total number of tuples: 1000
Getting data for blockID: 58
Accessing and remapping block: 58
Block data is empty.
Getting data for blockID: 59
Accessing and remapping block: 59
Total number of tuples: 1000
Getting data for blockID: 60
Accessing and remapping block: 60
Block data is empty.
Count of tuples containing either filter_id in MAX Query: 34358
[       OK ] ORAMTestSQL.SQLMAXORQuery (5212 ms)
[ RUN      ] ORAMTestSQL.SQLMAXANDQuery
Storage has been initialized
Position map initialized from file: ../backup_ser5/position-map_server_4.bin
[Stash load] Block ID: 38
[Stash load] Block ID: 56
[Stash load] Block ID: 78
[Stash load] Block ID: 45
[Stash load] Block ID: 10
[Stash load] Block ID: 48
[Stash load] Block ID: 59
Loaded stash with block size: 140800
Getting data for blockID: 0
Accessing and remapping block: 0
Block data is empty.
Getting data for blockID: 1
Accessing and remapping block: 1
Block data is empty.
Getting data for blockID: 2
Accessing and remapping block: 2
Block data is empty.
Getting data for blockID: 3
Accessing and remapping block: 3
Block data is empty.
Getting data for blockID: 4
Accessing and remapping block: 4
Block data is empty.
Getting data for blockID: 5
Accessing and remapping block: 5
Total number of tuples: 1000
Getting data for blockID: 6
Accessing and remapping block: 6
Total number of tuples: 1000
Getting data for blockID: 7
Accessing and remapping block: 7
Block data is empty.
Getting data for blockID: 8
Accessing and remapping block: 8
Total number of tuples: 1000
Getting data for blockID: 9
Accessing and remapping block: 9
Block data is empty.
Getting data for blockID: 10
Accessing and remapping block: 10
Total number of tuples: 1000
Getting data for blockID: 11
Accessing and remapping block: 11
Block data is empty.
Getting data for blockID: 12
Accessing and remapping block: 12
Block data is empty.
Getting data for blockID: 13
Accessing and remapping block: 13
Total number of tuples: 1000
Getting data for blockID: 14
Accessing and remapping block: 14
Total number of tuples: 1000
Getting data for blockID: 15
Accessing and remapping block: 15
Total number of tuples: 1000
Getting data for blockID: 16
Accessing and remapping block: 16
Total number of tuples: 1000
Getting data for blockID: 17
Accessing and remapping block: 17
Total number of tuples: 1000
Getting data for blockID: 18
Accessing and remapping block: 18
Total number of tuples: 1000
Getting data for blockID: 19
Accessing and remapping block: 19
Total number of tuples: 1000
Getting data for blockID: 20
Accessing and remapping block: 20
Block data is empty.
Getting data for blockID: 21
Accessing and remapping block: 21
Total number of tuples: 1000
Getting data for blockID: 22
Accessing and remapping block: 22
Total number of tuples: 1000
Getting data for blockID: 23
Accessing and remapping block: 23
Total number of tuples: 1000
Getting data for blockID: 24
Accessing and remapping block: 24
Block data is empty.
Getting data for blockID: 25
Accessing and remapping block: 25
Total number of tuples: 1000
Getting data for blockID: 26
Accessing and remapping block: 26
Total number of tuples: 1000
Getting data for blockID: 27
Accessing and remapping block: 27
Total number of tuples: 1000
Getting data for blockID: 28
Accessing and remapping block: 28
Total number of tuples: 1000
Getting data for blockID: 29
Accessing and remapping block: 29
Block data is empty.
Getting data for blockID: 30
Accessing and remapping block: 30
Total number of tuples: 1000
Getting data for blockID: 31
Accessing and remapping block: 31
Total number of tuples: 1000
Getting data for blockID: 32
Accessing and remapping block: 32
Block data is empty.
Getting data for blockID: 33
Accessing and remapping block: 33
Total number of tuples: 1000
Getting data for blockID: 34
Accessing and remapping block: 34
Total number of tuples: 1000
Getting data for blockID: 35
Accessing and remapping block: 35
Block data is empty.
Getting data for blockID: 36
Accessing and remapping block: 36
Block data is empty.
Getting data for blockID: 37
Accessing and remapping block: 37
Total number of tuples: 1000
Getting data for blockID: 38
Accessing and remapping block: 38
Total number of tuples: 1000
Getting data for blockID: 39
Accessing and remapping block: 39
Total number of tuples: 1000
Getting data for blockID: 40
Accessing and remapping block: 40
Total number of tuples: 1000
Getting data for blockID: 41
Accessing and remapping block: 41
Block data is empty.
Getting data for blockID: 42
Accessing and remapping block: 42
Total number of tuples: 1000
Getting data for blockID: 43
Accessing and remapping block: 43
Total number of tuples: 1000
Getting data for blockID: 44
Accessing and remapping block: 44
Total number of tuples: 1000
Getting data for blockID: 45
Accessing and remapping block: 45
Total number of tuples: 1000
Getting data for blockID: 46
Accessing and remapping block: 46
Total number of tuples: 1000
Getting data for blockID: 47
Accessing and remapping block: 47
Total number of tuples: 1000
Getting data for blockID: 48
Accessing and remapping block: 48
Total number of tuples: 1000
Getting data for blockID: 49
Accessing and remapping block: 49
Block data is empty.
Getting data for blockID: 50
Accessing and remapping block: 50
Total number of tuples: 1000
Getting data for blockID: 51
Accessing and remapping block: 51
Block data is empty.
Getting data for blockID: 52
Accessing and remapping block: 52
Total number of tuples: 1000
Getting data for blockID: 53
Accessing and remapping block: 53
Total number of tuples: 1000
Getting data for blockID: 54
Accessing and remapping block: 54
Total number of tuples: 1000
Getting data for blockID: 55
Accessing and remapping block: 55
Block data is empty.
Getting data for blockID: 56
Accessing and remapping block: 56
Total number of tuples: 1000
Getting data for blockID: 57
Accessing and remapping block: 57
Total number of tuples: 1000
Getting data for blockID: 58
Accessing and remapping block: 58
Block data is empty.
Getting data for blockID: 59
Accessing and remapping block: 59
Total number of tuples: 1000
Getting data for blockID: 60
Accessing and remapping block: 60
Block data is empty.
Count of tuples containing both filter_id in MAX Query: 4344
[       OK ] ORAMTestSQL.SQLMAXANDQuery (5201 ms)
[----------] 12 tests from ORAMTestSQL (65611 ms total)

[----------] Global test environment tear-down
[==========] 12 tests from 1 test suite ran. (65611 ms total)
[  PASSED  ] 12 tests.
[Inferior 1 (process 61388) exited normally]
